

Started GET "/" for 127.0.0.1 at 2014-03-11 21:59:18 +0800

ActiveRecord::AdapterNotSpecified (database configuration does not specify adapter):
  activerecord (4.0.2) lib/active_record/connection_adapters/connection_specification.rb:52:in `resolve_hash_connection'
  activerecord (4.0.2) lib/active_record/connection_adapters/connection_specification.rb:46:in `resolve_string_connection'
  activerecord (4.0.2) lib/active_record/connection_adapters/connection_specification.rb:30:in `spec'
  activerecord (4.0.2) lib/active_record/connection_handling.rb:39:in `establish_connection'
  activerecord (4.0.2) lib/active_record/railtie.rb:176:in `block (2 levels) in <class:Railtie>'
  activesupport (4.0.2) lib/active_support/lazy_load_hooks.rb:38:in `instance_eval'
  activesupport (4.0.2) lib/active_support/lazy_load_hooks.rb:38:in `execute_hook'
  activesupport (4.0.2) lib/active_support/lazy_load_hooks.rb:45:in `block in run_load_hooks'
  activesupport (4.0.2) lib/active_support/lazy_load_hooks.rb:44:in `each'
  activesupport (4.0.2) lib/active_support/lazy_load_hooks.rb:44:in `run_load_hooks'
  activerecord (4.0.2) lib/active_record/base.rb:322:in `<module:ActiveRecord>'
  activerecord (4.0.2) lib/active_record/base.rb:22:in `<top (required)>'
  activesupport (4.0.2) lib/active_support/dependencies.rb:229:in `require'
  activesupport (4.0.2) lib/active_support/dependencies.rb:229:in `block in require'
  activesupport (4.0.2) lib/active_support/dependencies.rb:214:in `load_dependency'
  activesupport (4.0.2) lib/active_support/dependencies.rb:229:in `require'
  activerecord (4.0.2) lib/active_record/schema_migration.rb:3:in `<top (required)>'
  activerecord (4.0.2) lib/active_record/migration.rb:783:in `schema_migrations_table_name'
  activerecord (4.0.2) lib/active_record/migration.rb:791:in `current_version'
  activerecord (4.0.2) lib/active_record/migration.rb:800:in `needs_migration?'
  activerecord (4.0.2) lib/active_record/migration.rb:379:in `check_pending!'
  activerecord (4.0.2) lib/active_record/migration.rb:366:in `call'
  actionpack (4.0.2) lib/action_dispatch/middleware/callbacks.rb:29:in `block in call'
  activesupport (4.0.2) lib/active_support/callbacks.rb:373:in `_run__1192809343817735546__call__callbacks'
  activesupport (4.0.2) lib/active_support/callbacks.rb:80:in `run_callbacks'
  actionpack (4.0.2) lib/action_dispatch/middleware/callbacks.rb:27:in `call'
  actionpack (4.0.2) lib/action_dispatch/middleware/reloader.rb:64:in `call'
  actionpack (4.0.2) lib/action_dispatch/middleware/remote_ip.rb:76:in `call'
  actionpack (4.0.2) lib/action_dispatch/middleware/debug_exceptions.rb:17:in `call'
  actionpack (4.0.2) lib/action_dispatch/middleware/show_exceptions.rb:30:in `call'
  railties (4.0.2) lib/rails/rack/logger.rb:38:in `call_app'
  railties (4.0.2) lib/rails/rack/logger.rb:20:in `block in call'
  activesupport (4.0.2) lib/active_support/tagged_logging.rb:67:in `block in tagged'
  activesupport (4.0.2) lib/active_support/tagged_logging.rb:25:in `tagged'
  activesupport (4.0.2) lib/active_support/tagged_logging.rb:67:in `tagged'
  railties (4.0.2) lib/rails/rack/logger.rb:20:in `call'
  actionpack (4.0.2) lib/action_dispatch/middleware/request_id.rb:21:in `call'
  rack (1.5.2) lib/rack/methodoverride.rb:21:in `call'
  rack (1.5.2) lib/rack/runtime.rb:17:in `call'
  activesupport (4.0.2) lib/active_support/cache/strategy/local_cache.rb:83:in `call'
  rack (1.5.2) lib/rack/lock.rb:17:in `call'
  actionpack (4.0.2) lib/action_dispatch/middleware/static.rb:64:in `call'
  rack (1.5.2) lib/rack/sendfile.rb:112:in `call'
  railties (4.0.2) lib/rails/engine.rb:511:in `call'
  railties (4.0.2) lib/rails/application.rb:97:in `call'
  rack (1.5.2) lib/rack/lock.rb:17:in `call'
  rack (1.5.2) lib/rack/content_length.rb:14:in `call'
  rack (1.5.2) lib/rack/handler/webrick.rb:60:in `service'
  /usr/lib/ruby/1.9.1/webrick/httpserver.rb:138:in `service'
  /usr/lib/ruby/1.9.1/webrick/httpserver.rb:94:in `run'
  /usr/lib/ruby/1.9.1/webrick/server.rb:191:in `block in start_thread'


  Rendered /var/lib/gems/1.9.1/gems/actionpack-4.0.2/lib/action_dispatch/middleware/templates/rescues/_source.erb (0.4ms)
  Rendered /var/lib/gems/1.9.1/gems/actionpack-4.0.2/lib/action_dispatch/middleware/templates/rescues/_trace.erb (0.7ms)
  Rendered /var/lib/gems/1.9.1/gems/actionpack-4.0.2/lib/action_dispatch/middleware/templates/rescues/_request_and_response.erb (0.5ms)
  Rendered /var/lib/gems/1.9.1/gems/actionpack-4.0.2/lib/action_dispatch/middleware/templates/rescues/diagnostics.erb within rescues/layout (21.1ms)


Started GET "/" for 127.0.0.1 at 2014-03-11 21:59:39 +0800

Gem::LoadError (Specified 'sqlite3' for database adapter, but the gem is not loaded. Add `gem 'sqlite3'` to your Gemfile.):
  activerecord (4.0.2) lib/active_record/connection_adapters/connection_specification.rb:58:in `rescue in resolve_hash_connection'
  activerecord (4.0.2) lib/active_record/connection_adapters/connection_specification.rb:55:in `resolve_hash_connection'
  activerecord (4.0.2) lib/active_record/connection_adapters/connection_specification.rb:46:in `resolve_string_connection'
  activerecord (4.0.2) lib/active_record/connection_adapters/connection_specification.rb:30:in `spec'
  activerecord (4.0.2) lib/active_record/connection_handling.rb:39:in `establish_connection'
  activerecord (4.0.2) lib/active_record/railtie.rb:176:in `block (2 levels) in <class:Railtie>'
  activesupport (4.0.2) lib/active_support/lazy_load_hooks.rb:38:in `instance_eval'
  activesupport (4.0.2) lib/active_support/lazy_load_hooks.rb:38:in `execute_hook'
  activesupport (4.0.2) lib/active_support/lazy_load_hooks.rb:45:in `block in run_load_hooks'
  activesupport (4.0.2) lib/active_support/lazy_load_hooks.rb:44:in `each'
  activesupport (4.0.2) lib/active_support/lazy_load_hooks.rb:44:in `run_load_hooks'
  activerecord (4.0.2) lib/active_record/base.rb:322:in `<module:ActiveRecord>'
  activerecord (4.0.2) lib/active_record/base.rb:22:in `<top (required)>'
  activesupport (4.0.2) lib/active_support/dependencies.rb:229:in `require'
  activesupport (4.0.2) lib/active_support/dependencies.rb:229:in `block in require'
  activesupport (4.0.2) lib/active_support/dependencies.rb:214:in `load_dependency'
  activesupport (4.0.2) lib/active_support/dependencies.rb:229:in `require'
  activerecord (4.0.2) lib/active_record/schema_migration.rb:3:in `<top (required)>'
  activerecord (4.0.2) lib/active_record/migration.rb:783:in `schema_migrations_table_name'
  activerecord (4.0.2) lib/active_record/migration.rb:791:in `current_version'
  activerecord (4.0.2) lib/active_record/migration.rb:800:in `needs_migration?'
  activerecord (4.0.2) lib/active_record/migration.rb:379:in `check_pending!'
  activerecord (4.0.2) lib/active_record/migration.rb:366:in `call'
  actionpack (4.0.2) lib/action_dispatch/middleware/callbacks.rb:29:in `block in call'
  activesupport (4.0.2) lib/active_support/callbacks.rb:373:in `_run__1192809343817735546__call__callbacks'
  activesupport (4.0.2) lib/active_support/callbacks.rb:80:in `run_callbacks'
  actionpack (4.0.2) lib/action_dispatch/middleware/callbacks.rb:27:in `call'
  actionpack (4.0.2) lib/action_dispatch/middleware/reloader.rb:64:in `call'
  actionpack (4.0.2) lib/action_dispatch/middleware/remote_ip.rb:76:in `call'
  actionpack (4.0.2) lib/action_dispatch/middleware/debug_exceptions.rb:17:in `call'
  actionpack (4.0.2) lib/action_dispatch/middleware/show_exceptions.rb:30:in `call'
  railties (4.0.2) lib/rails/rack/logger.rb:38:in `call_app'
  railties (4.0.2) lib/rails/rack/logger.rb:20:in `block in call'
  activesupport (4.0.2) lib/active_support/tagged_logging.rb:67:in `block in tagged'
  activesupport (4.0.2) lib/active_support/tagged_logging.rb:25:in `tagged'
  activesupport (4.0.2) lib/active_support/tagged_logging.rb:67:in `tagged'
  railties (4.0.2) lib/rails/rack/logger.rb:20:in `call'
  actionpack (4.0.2) lib/action_dispatch/middleware/request_id.rb:21:in `call'
  rack (1.5.2) lib/rack/methodoverride.rb:21:in `call'
  rack (1.5.2) lib/rack/runtime.rb:17:in `call'
  activesupport (4.0.2) lib/active_support/cache/strategy/local_cache.rb:83:in `call'
  rack (1.5.2) lib/rack/lock.rb:17:in `call'
  actionpack (4.0.2) lib/action_dispatch/middleware/static.rb:64:in `call'
  rack (1.5.2) lib/rack/sendfile.rb:112:in `call'
  railties (4.0.2) lib/rails/engine.rb:511:in `call'
  railties (4.0.2) lib/rails/application.rb:97:in `call'
  rack (1.5.2) lib/rack/lock.rb:17:in `call'
  rack (1.5.2) lib/rack/content_length.rb:14:in `call'
  rack (1.5.2) lib/rack/handler/webrick.rb:60:in `service'
  /usr/lib/ruby/1.9.1/webrick/httpserver.rb:138:in `service'
  /usr/lib/ruby/1.9.1/webrick/httpserver.rb:94:in `run'
  /usr/lib/ruby/1.9.1/webrick/server.rb:191:in `block in start_thread'


  Rendered /var/lib/gems/1.9.1/gems/actionpack-4.0.2/lib/action_dispatch/middleware/templates/rescues/_source.erb (0.3ms)
  Rendered /var/lib/gems/1.9.1/gems/actionpack-4.0.2/lib/action_dispatch/middleware/templates/rescues/_trace.erb (0.6ms)
  Rendered /var/lib/gems/1.9.1/gems/actionpack-4.0.2/lib/action_dispatch/middleware/templates/rescues/_request_and_response.erb (0.5ms)
  Rendered /var/lib/gems/1.9.1/gems/actionpack-4.0.2/lib/action_dispatch/middleware/templates/rescues/diagnostics.erb within rescues/layout (7.0ms)


Started GET "/" for 127.0.0.1 at 2014-03-11 21:59:54 +0800

Gem::LoadError (Specified 'sqlite3' for database adapter, but the gem is not loaded. Add `gem 'sqlite3'` to your Gemfile.):
  activerecord (4.0.2) lib/active_record/connection_adapters/connection_specification.rb:58:in `rescue in resolve_hash_connection'
  activerecord (4.0.2) lib/active_record/connection_adapters/connection_specification.rb:55:in `resolve_hash_connection'
  activerecord (4.0.2) lib/active_record/connection_adapters/connection_specification.rb:46:in `resolve_string_connection'
  activerecord (4.0.2) lib/active_record/connection_adapters/connection_specification.rb:30:in `spec'
  activerecord (4.0.2) lib/active_record/connection_handling.rb:39:in `establish_connection'
  activerecord (4.0.2) lib/active_record/railtie.rb:176:in `block (2 levels) in <class:Railtie>'
  activesupport (4.0.2) lib/active_support/lazy_load_hooks.rb:38:in `instance_eval'
  activesupport (4.0.2) lib/active_support/lazy_load_hooks.rb:38:in `execute_hook'
  activesupport (4.0.2) lib/active_support/lazy_load_hooks.rb:45:in `block in run_load_hooks'
  activesupport (4.0.2) lib/active_support/lazy_load_hooks.rb:44:in `each'
  activesupport (4.0.2) lib/active_support/lazy_load_hooks.rb:44:in `run_load_hooks'
  activerecord (4.0.2) lib/active_record/base.rb:322:in `<module:ActiveRecord>'
  activerecord (4.0.2) lib/active_record/base.rb:22:in `<top (required)>'
  activesupport (4.0.2) lib/active_support/dependencies.rb:229:in `require'
  activesupport (4.0.2) lib/active_support/dependencies.rb:229:in `block in require'
  activesupport (4.0.2) lib/active_support/dependencies.rb:214:in `load_dependency'
  activesupport (4.0.2) lib/active_support/dependencies.rb:229:in `require'
  activerecord (4.0.2) lib/active_record/schema_migration.rb:3:in `<top (required)>'
  activerecord (4.0.2) lib/active_record/migration.rb:783:in `schema_migrations_table_name'
  activerecord (4.0.2) lib/active_record/migration.rb:791:in `current_version'
  activerecord (4.0.2) lib/active_record/migration.rb:800:in `needs_migration?'
  activerecord (4.0.2) lib/active_record/migration.rb:379:in `check_pending!'
  activerecord (4.0.2) lib/active_record/migration.rb:366:in `call'
  actionpack (4.0.2) lib/action_dispatch/middleware/callbacks.rb:29:in `block in call'
  activesupport (4.0.2) lib/active_support/callbacks.rb:373:in `_run__1192809343817735546__call__callbacks'
  activesupport (4.0.2) lib/active_support/callbacks.rb:80:in `run_callbacks'
  actionpack (4.0.2) lib/action_dispatch/middleware/callbacks.rb:27:in `call'
  actionpack (4.0.2) lib/action_dispatch/middleware/reloader.rb:64:in `call'
  actionpack (4.0.2) lib/action_dispatch/middleware/remote_ip.rb:76:in `call'
  actionpack (4.0.2) lib/action_dispatch/middleware/debug_exceptions.rb:17:in `call'
  actionpack (4.0.2) lib/action_dispatch/middleware/show_exceptions.rb:30:in `call'
  railties (4.0.2) lib/rails/rack/logger.rb:38:in `call_app'
  railties (4.0.2) lib/rails/rack/logger.rb:20:in `block in call'
  activesupport (4.0.2) lib/active_support/tagged_logging.rb:67:in `block in tagged'
  activesupport (4.0.2) lib/active_support/tagged_logging.rb:25:in `tagged'
  activesupport (4.0.2) lib/active_support/tagged_logging.rb:67:in `tagged'
  railties (4.0.2) lib/rails/rack/logger.rb:20:in `call'
  actionpack (4.0.2) lib/action_dispatch/middleware/request_id.rb:21:in `call'
  rack (1.5.2) lib/rack/methodoverride.rb:21:in `call'
  rack (1.5.2) lib/rack/runtime.rb:17:in `call'
  activesupport (4.0.2) lib/active_support/cache/strategy/local_cache.rb:83:in `call'
  rack (1.5.2) lib/rack/lock.rb:17:in `call'
  actionpack (4.0.2) lib/action_dispatch/middleware/static.rb:64:in `call'
  rack (1.5.2) lib/rack/sendfile.rb:112:in `call'
  railties (4.0.2) lib/rails/engine.rb:511:in `call'
  railties (4.0.2) lib/rails/application.rb:97:in `call'
  rack (1.5.2) lib/rack/lock.rb:17:in `call'
  rack (1.5.2) lib/rack/content_length.rb:14:in `call'
  rack (1.5.2) lib/rack/handler/webrick.rb:60:in `service'
  /usr/lib/ruby/1.9.1/webrick/httpserver.rb:138:in `service'
  /usr/lib/ruby/1.9.1/webrick/httpserver.rb:94:in `run'
  /usr/lib/ruby/1.9.1/webrick/server.rb:191:in `block in start_thread'


  Rendered /var/lib/gems/1.9.1/gems/actionpack-4.0.2/lib/action_dispatch/middleware/templates/rescues/_source.erb (0.3ms)
  Rendered /var/lib/gems/1.9.1/gems/actionpack-4.0.2/lib/action_dispatch/middleware/templates/rescues/_trace.erb (0.6ms)
  Rendered /var/lib/gems/1.9.1/gems/actionpack-4.0.2/lib/action_dispatch/middleware/templates/rescues/_request_and_response.erb (0.5ms)
  Rendered /var/lib/gems/1.9.1/gems/actionpack-4.0.2/lib/action_dispatch/middleware/templates/rescues/diagnostics.erb within rescues/layout (7.0ms)


Started GET "/" for 127.0.0.1 at 2014-03-11 22:00:04 +0800

Gem::LoadError (Specified 'sqlite3' for database adapter, but the gem is not loaded. Add `gem 'sqlite3'` to your Gemfile.):
  activerecord (4.0.2) lib/active_record/connection_adapters/connection_specification.rb:58:in `rescue in resolve_hash_connection'
  activerecord (4.0.2) lib/active_record/connection_adapters/connection_specification.rb:55:in `resolve_hash_connection'
  activerecord (4.0.2) lib/active_record/connection_adapters/connection_specification.rb:46:in `resolve_string_connection'
  activerecord (4.0.2) lib/active_record/connection_adapters/connection_specification.rb:30:in `spec'
  activerecord (4.0.2) lib/active_record/connection_handling.rb:39:in `establish_connection'
  activerecord (4.0.2) lib/active_record/railtie.rb:176:in `block (2 levels) in <class:Railtie>'
  activesupport (4.0.2) lib/active_support/lazy_load_hooks.rb:38:in `instance_eval'
  activesupport (4.0.2) lib/active_support/lazy_load_hooks.rb:38:in `execute_hook'
  activesupport (4.0.2) lib/active_support/lazy_load_hooks.rb:45:in `block in run_load_hooks'
  activesupport (4.0.2) lib/active_support/lazy_load_hooks.rb:44:in `each'
  activesupport (4.0.2) lib/active_support/lazy_load_hooks.rb:44:in `run_load_hooks'
  activerecord (4.0.2) lib/active_record/base.rb:322:in `<module:ActiveRecord>'
  activerecord (4.0.2) lib/active_record/base.rb:22:in `<top (required)>'
  activesupport (4.0.2) lib/active_support/dependencies.rb:229:in `require'
  activesupport (4.0.2) lib/active_support/dependencies.rb:229:in `block in require'
  activesupport (4.0.2) lib/active_support/dependencies.rb:214:in `load_dependency'
  activesupport (4.0.2) lib/active_support/dependencies.rb:229:in `require'
  activerecord (4.0.2) lib/active_record/schema_migration.rb:3:in `<top (required)>'
  activerecord (4.0.2) lib/active_record/migration.rb:783:in `schema_migrations_table_name'
  activerecord (4.0.2) lib/active_record/migration.rb:791:in `current_version'
  activerecord (4.0.2) lib/active_record/migration.rb:800:in `needs_migration?'
  activerecord (4.0.2) lib/active_record/migration.rb:379:in `check_pending!'
  activerecord (4.0.2) lib/active_record/migration.rb:366:in `call'
  actionpack (4.0.2) lib/action_dispatch/middleware/callbacks.rb:29:in `block in call'
  activesupport (4.0.2) lib/active_support/callbacks.rb:373:in `_run__1192809343817735546__call__callbacks'
  activesupport (4.0.2) lib/active_support/callbacks.rb:80:in `run_callbacks'
  actionpack (4.0.2) lib/action_dispatch/middleware/callbacks.rb:27:in `call'
  actionpack (4.0.2) lib/action_dispatch/middleware/reloader.rb:64:in `call'
  actionpack (4.0.2) lib/action_dispatch/middleware/remote_ip.rb:76:in `call'
  actionpack (4.0.2) lib/action_dispatch/middleware/debug_exceptions.rb:17:in `call'
  actionpack (4.0.2) lib/action_dispatch/middleware/show_exceptions.rb:30:in `call'
  railties (4.0.2) lib/rails/rack/logger.rb:38:in `call_app'
  railties (4.0.2) lib/rails/rack/logger.rb:20:in `block in call'
  activesupport (4.0.2) lib/active_support/tagged_logging.rb:67:in `block in tagged'
  activesupport (4.0.2) lib/active_support/tagged_logging.rb:25:in `tagged'
  activesupport (4.0.2) lib/active_support/tagged_logging.rb:67:in `tagged'
  railties (4.0.2) lib/rails/rack/logger.rb:20:in `call'
  actionpack (4.0.2) lib/action_dispatch/middleware/request_id.rb:21:in `call'
  rack (1.5.2) lib/rack/methodoverride.rb:21:in `call'
  rack (1.5.2) lib/rack/runtime.rb:17:in `call'
  activesupport (4.0.2) lib/active_support/cache/strategy/local_cache.rb:83:in `call'
  rack (1.5.2) lib/rack/lock.rb:17:in `call'
  actionpack (4.0.2) lib/action_dispatch/middleware/static.rb:64:in `call'
  rack (1.5.2) lib/rack/sendfile.rb:112:in `call'
  railties (4.0.2) lib/rails/engine.rb:511:in `call'
  railties (4.0.2) lib/rails/application.rb:97:in `call'
  rack (1.5.2) lib/rack/lock.rb:17:in `call'
  rack (1.5.2) lib/rack/content_length.rb:14:in `call'
  rack (1.5.2) lib/rack/handler/webrick.rb:60:in `service'
  /usr/lib/ruby/1.9.1/webrick/httpserver.rb:138:in `service'
  /usr/lib/ruby/1.9.1/webrick/httpserver.rb:94:in `run'
  /usr/lib/ruby/1.9.1/webrick/server.rb:191:in `block in start_thread'


  Rendered /var/lib/gems/1.9.1/gems/actionpack-4.0.2/lib/action_dispatch/middleware/templates/rescues/_source.erb (0.3ms)
  Rendered /var/lib/gems/1.9.1/gems/actionpack-4.0.2/lib/action_dispatch/middleware/templates/rescues/_trace.erb (0.6ms)
  Rendered /var/lib/gems/1.9.1/gems/actionpack-4.0.2/lib/action_dispatch/middleware/templates/rescues/_request_and_response.erb (0.6ms)
  Rendered /var/lib/gems/1.9.1/gems/actionpack-4.0.2/lib/action_dispatch/middleware/templates/rescues/diagnostics.erb within rescues/layout (7.5ms)


Started GET "/" for 127.0.0.1 at 2014-03-11 22:00:07 +0800

Gem::LoadError (Specified 'sqlite3' for database adapter, but the gem is not loaded. Add `gem 'sqlite3'` to your Gemfile.):
  activerecord (4.0.2) lib/active_record/connection_adapters/connection_specification.rb:58:in `rescue in resolve_hash_connection'
  activerecord (4.0.2) lib/active_record/connection_adapters/connection_specification.rb:55:in `resolve_hash_connection'
  activerecord (4.0.2) lib/active_record/connection_adapters/connection_specification.rb:46:in `resolve_string_connection'
  activerecord (4.0.2) lib/active_record/connection_adapters/connection_specification.rb:30:in `spec'
  activerecord (4.0.2) lib/active_record/connection_handling.rb:39:in `establish_connection'
  activerecord (4.0.2) lib/active_record/railtie.rb:176:in `block (2 levels) in <class:Railtie>'
  activesupport (4.0.2) lib/active_support/lazy_load_hooks.rb:38:in `instance_eval'
  activesupport (4.0.2) lib/active_support/lazy_load_hooks.rb:38:in `execute_hook'
  activesupport (4.0.2) lib/active_support/lazy_load_hooks.rb:45:in `block in run_load_hooks'
  activesupport (4.0.2) lib/active_support/lazy_load_hooks.rb:44:in `each'
  activesupport (4.0.2) lib/active_support/lazy_load_hooks.rb:44:in `run_load_hooks'
  activerecord (4.0.2) lib/active_record/base.rb:322:in `<module:ActiveRecord>'
  activerecord (4.0.2) lib/active_record/base.rb:22:in `<top (required)>'
  activesupport (4.0.2) lib/active_support/dependencies.rb:229:in `require'
  activesupport (4.0.2) lib/active_support/dependencies.rb:229:in `block in require'
  activesupport (4.0.2) lib/active_support/dependencies.rb:214:in `load_dependency'
  activesupport (4.0.2) lib/active_support/dependencies.rb:229:in `require'
  activerecord (4.0.2) lib/active_record/schema_migration.rb:3:in `<top (required)>'
  activerecord (4.0.2) lib/active_record/migration.rb:783:in `schema_migrations_table_name'
  activerecord (4.0.2) lib/active_record/migration.rb:791:in `current_version'
  activerecord (4.0.2) lib/active_record/migration.rb:800:in `needs_migration?'
  activerecord (4.0.2) lib/active_record/migration.rb:379:in `check_pending!'
  activerecord (4.0.2) lib/active_record/migration.rb:366:in `call'
  actionpack (4.0.2) lib/action_dispatch/middleware/callbacks.rb:29:in `block in call'
  activesupport (4.0.2) lib/active_support/callbacks.rb:373:in `_run__1192809343817735546__call__callbacks'
  activesupport (4.0.2) lib/active_support/callbacks.rb:80:in `run_callbacks'
  actionpack (4.0.2) lib/action_dispatch/middleware/callbacks.rb:27:in `call'
  actionpack (4.0.2) lib/action_dispatch/middleware/reloader.rb:64:in `call'
  actionpack (4.0.2) lib/action_dispatch/middleware/remote_ip.rb:76:in `call'
  actionpack (4.0.2) lib/action_dispatch/middleware/debug_exceptions.rb:17:in `call'
  actionpack (4.0.2) lib/action_dispatch/middleware/show_exceptions.rb:30:in `call'
  railties (4.0.2) lib/rails/rack/logger.rb:38:in `call_app'
  railties (4.0.2) lib/rails/rack/logger.rb:20:in `block in call'
  activesupport (4.0.2) lib/active_support/tagged_logging.rb:67:in `block in tagged'
  activesupport (4.0.2) lib/active_support/tagged_logging.rb:25:in `tagged'
  activesupport (4.0.2) lib/active_support/tagged_logging.rb:67:in `tagged'
  railties (4.0.2) lib/rails/rack/logger.rb:20:in `call'
  actionpack (4.0.2) lib/action_dispatch/middleware/request_id.rb:21:in `call'
  rack (1.5.2) lib/rack/methodoverride.rb:21:in `call'
  rack (1.5.2) lib/rack/runtime.rb:17:in `call'
  activesupport (4.0.2) lib/active_support/cache/strategy/local_cache.rb:83:in `call'
  rack (1.5.2) lib/rack/lock.rb:17:in `call'
  actionpack (4.0.2) lib/action_dispatch/middleware/static.rb:64:in `call'
  rack (1.5.2) lib/rack/sendfile.rb:112:in `call'
  railties (4.0.2) lib/rails/engine.rb:511:in `call'
  railties (4.0.2) lib/rails/application.rb:97:in `call'
  rack (1.5.2) lib/rack/lock.rb:17:in `call'
  rack (1.5.2) lib/rack/content_length.rb:14:in `call'
  rack (1.5.2) lib/rack/handler/webrick.rb:60:in `service'
  /usr/lib/ruby/1.9.1/webrick/httpserver.rb:138:in `service'
  /usr/lib/ruby/1.9.1/webrick/httpserver.rb:94:in `run'
  /usr/lib/ruby/1.9.1/webrick/server.rb:191:in `block in start_thread'


  Rendered /var/lib/gems/1.9.1/gems/actionpack-4.0.2/lib/action_dispatch/middleware/templates/rescues/_source.erb (0.3ms)
  Rendered /var/lib/gems/1.9.1/gems/actionpack-4.0.2/lib/action_dispatch/middleware/templates/rescues/_trace.erb (0.6ms)
  Rendered /var/lib/gems/1.9.1/gems/actionpack-4.0.2/lib/action_dispatch/middleware/templates/rescues/_request_and_response.erb (0.5ms)
  Rendered /var/lib/gems/1.9.1/gems/actionpack-4.0.2/lib/action_dispatch/middleware/templates/rescues/diagnostics.erb within rescues/layout (7.0ms)
  [1m[36m (101.0ms)[0m  [1mCREATE TABLE "schema_migrations" ("version" varchar(255) NOT NULL) [0m
  [1m[35m (99.9ms)[0m  CREATE UNIQUE INDEX "unique_schema_migrations" ON "schema_migrations" ("version")
  [1m[36mActiveRecord::SchemaMigration Load (0.2ms)[0m  [1mSELECT "schema_migrations".* FROM "schema_migrations"[0m
Migrating to CreateIdols (20140218150226)
  [1m[35m (0.1ms)[0m  begin transaction
  [1m[36m (0.4ms)[0m  [1mCREATE TABLE "idols" ("id" INTEGER PRIMARY KEY AUTOINCREMENT NOT NULL, "name" varchar(255), "contact" varchar(255), "about" text, "motto" varchar(255), "created_at" datetime, "updated_at" datetime) [0m
  [1m[35mSQL (0.2ms)[0m  INSERT INTO "schema_migrations" ("version") VALUES (?)  [["version", "20140218150226"]]
  [1m[36m (106.9ms)[0m  [1mcommit transaction[0m
Migrating to CreateComments (20140218150846)
  [1m[35m (0.1ms)[0m  begin transaction
  [1m[36m (0.5ms)[0m  [1mCREATE TABLE "comments" ("id" INTEGER PRIMARY KEY AUTOINCREMENT NOT NULL, "idol" varchar(255), "content" varchar(255), "created_at" datetime, "updated_at" datetime) [0m
  [1m[35mSQL (0.2ms)[0m  INSERT INTO "schema_migrations" ("version") VALUES (?)  [["version", "20140218150846"]]
  [1m[36m (95.8ms)[0m  [1mcommit transaction[0m
Migrating to AddCountToIdol (20140306024212)
  [1m[35m (0.2ms)[0m  begin transaction
  [1m[36m (0.4ms)[0m  [1mALTER TABLE "idols" ADD "count" decimal[0m
  [1m[35mSQL (0.2ms)[0m  INSERT INTO "schema_migrations" ("version") VALUES (?)  [["version", "20140306024212"]]
  [1m[36m (138.6ms)[0m  [1mcommit transaction[0m
Migrating to AddIdolIdToComment (20140306073939)
  [1m[35m (0.1ms)[0m  begin transaction
  [1m[36m (0.4ms)[0m  [1mALTER TABLE "comments" ADD "idol_id" integer[0m
  [1m[35m (0.2ms)[0m  CREATE INDEX "index_comments_on_idol_id" ON "comments" ("idol_id")
  [1m[36mSQL (0.2ms)[0m  [1mINSERT INTO "schema_migrations" ("version") VALUES (?)[0m  [["version", "20140306073939"]]
  [1m[35m (112.8ms)[0m  commit transaction
Migrating to ChangeCountToInteger (20140306083801)
  [1m[36m (0.1ms)[0m  [1mbegin transaction[0m
  [1m[35m (0.4ms)[0m  CREATE TEMPORARY TABLE "aidols" ("id" INTEGER PRIMARY KEY AUTOINCREMENT NOT NULL, "name" varchar(255), "contact" varchar(255), "about" text, "motto" varchar(255), "created_at" datetime, "updated_at" datetime, "count" decimal) 
  [1m[36m (0.1ms)[0m  [1mSELECT * FROM "idols"[0m
  [1m[35m (0.2ms)[0m  DROP TABLE "idols"
  [1m[36m (0.2ms)[0m  [1mCREATE TABLE "idols" ("id" INTEGER PRIMARY KEY AUTOINCREMENT NOT NULL, "name" varchar(255), "contact" varchar(255), "about" text, "motto" varchar(255), "created_at" datetime, "updated_at" datetime, "count" integer) [0m
  [1m[35m (0.0ms)[0m  SELECT * FROM "aidols"
  [1m[36m (0.1ms)[0m  [1mDROP TABLE "aidols"[0m
  [1m[35mSQL (0.1ms)[0m  INSERT INTO "schema_migrations" ("version") VALUES (?)  [["version", "20140306083801"]]
  [1m[36m (102.0ms)[0m  [1mcommit transaction[0m
  [1m[35mActiveRecord::SchemaMigration Load (0.1ms)[0m  SELECT "schema_migrations".* FROM "schema_migrations"


Started GET "/" for 127.0.0.1 at 2014-03-11 22:00:20 +0800

Gem::LoadError (Specified 'sqlite3' for database adapter, but the gem is not loaded. Add `gem 'sqlite3'` to your Gemfile.):
  activerecord (4.0.2) lib/active_record/connection_adapters/connection_specification.rb:58:in `rescue in resolve_hash_connection'
  activerecord (4.0.2) lib/active_record/connection_adapters/connection_specification.rb:55:in `resolve_hash_connection'
  activerecord (4.0.2) lib/active_record/connection_adapters/connection_specification.rb:46:in `resolve_string_connection'
  activerecord (4.0.2) lib/active_record/connection_adapters/connection_specification.rb:30:in `spec'
  activerecord (4.0.2) lib/active_record/connection_handling.rb:39:in `establish_connection'
  activerecord (4.0.2) lib/active_record/railtie.rb:176:in `block (2 levels) in <class:Railtie>'
  activesupport (4.0.2) lib/active_support/lazy_load_hooks.rb:38:in `instance_eval'
  activesupport (4.0.2) lib/active_support/lazy_load_hooks.rb:38:in `execute_hook'
  activesupport (4.0.2) lib/active_support/lazy_load_hooks.rb:45:in `block in run_load_hooks'
  activesupport (4.0.2) lib/active_support/lazy_load_hooks.rb:44:in `each'
  activesupport (4.0.2) lib/active_support/lazy_load_hooks.rb:44:in `run_load_hooks'
  activerecord (4.0.2) lib/active_record/base.rb:322:in `<module:ActiveRecord>'
  activerecord (4.0.2) lib/active_record/base.rb:22:in `<top (required)>'
  activesupport (4.0.2) lib/active_support/dependencies.rb:229:in `require'
  activesupport (4.0.2) lib/active_support/dependencies.rb:229:in `block in require'
  activesupport (4.0.2) lib/active_support/dependencies.rb:214:in `load_dependency'
  activesupport (4.0.2) lib/active_support/dependencies.rb:229:in `require'
  activerecord (4.0.2) lib/active_record/schema_migration.rb:3:in `<top (required)>'
  activerecord (4.0.2) lib/active_record/migration.rb:783:in `schema_migrations_table_name'
  activerecord (4.0.2) lib/active_record/migration.rb:791:in `current_version'
  activerecord (4.0.2) lib/active_record/migration.rb:800:in `needs_migration?'
  activerecord (4.0.2) lib/active_record/migration.rb:379:in `check_pending!'
  activerecord (4.0.2) lib/active_record/migration.rb:366:in `call'
  actionpack (4.0.2) lib/action_dispatch/middleware/callbacks.rb:29:in `block in call'
  activesupport (4.0.2) lib/active_support/callbacks.rb:373:in `_run__1192809343817735546__call__callbacks'
  activesupport (4.0.2) lib/active_support/callbacks.rb:80:in `run_callbacks'
  actionpack (4.0.2) lib/action_dispatch/middleware/callbacks.rb:27:in `call'
  actionpack (4.0.2) lib/action_dispatch/middleware/reloader.rb:64:in `call'
  actionpack (4.0.2) lib/action_dispatch/middleware/remote_ip.rb:76:in `call'
  actionpack (4.0.2) lib/action_dispatch/middleware/debug_exceptions.rb:17:in `call'
  actionpack (4.0.2) lib/action_dispatch/middleware/show_exceptions.rb:30:in `call'
  railties (4.0.2) lib/rails/rack/logger.rb:38:in `call_app'
  railties (4.0.2) lib/rails/rack/logger.rb:20:in `block in call'
  activesupport (4.0.2) lib/active_support/tagged_logging.rb:67:in `block in tagged'
  activesupport (4.0.2) lib/active_support/tagged_logging.rb:25:in `tagged'
  activesupport (4.0.2) lib/active_support/tagged_logging.rb:67:in `tagged'
  railties (4.0.2) lib/rails/rack/logger.rb:20:in `call'
  actionpack (4.0.2) lib/action_dispatch/middleware/request_id.rb:21:in `call'
  rack (1.5.2) lib/rack/methodoverride.rb:21:in `call'
  rack (1.5.2) lib/rack/runtime.rb:17:in `call'
  activesupport (4.0.2) lib/active_support/cache/strategy/local_cache.rb:83:in `call'
  rack (1.5.2) lib/rack/lock.rb:17:in `call'
  actionpack (4.0.2) lib/action_dispatch/middleware/static.rb:64:in `call'
  rack (1.5.2) lib/rack/sendfile.rb:112:in `call'
  railties (4.0.2) lib/rails/engine.rb:511:in `call'
  railties (4.0.2) lib/rails/application.rb:97:in `call'
  rack (1.5.2) lib/rack/lock.rb:17:in `call'
  rack (1.5.2) lib/rack/content_length.rb:14:in `call'
  rack (1.5.2) lib/rack/handler/webrick.rb:60:in `service'
  /usr/lib/ruby/1.9.1/webrick/httpserver.rb:138:in `service'
  /usr/lib/ruby/1.9.1/webrick/httpserver.rb:94:in `run'
  /usr/lib/ruby/1.9.1/webrick/server.rb:191:in `block in start_thread'


  Rendered /var/lib/gems/1.9.1/gems/actionpack-4.0.2/lib/action_dispatch/middleware/templates/rescues/_source.erb (0.3ms)
  Rendered /var/lib/gems/1.9.1/gems/actionpack-4.0.2/lib/action_dispatch/middleware/templates/rescues/_trace.erb (0.6ms)
  Rendered /var/lib/gems/1.9.1/gems/actionpack-4.0.2/lib/action_dispatch/middleware/templates/rescues/_request_and_response.erb (0.5ms)
  Rendered /var/lib/gems/1.9.1/gems/actionpack-4.0.2/lib/action_dispatch/middleware/templates/rescues/diagnostics.erb within rescues/layout (7.1ms)


Started GET "/" for 127.0.0.1 at 2014-03-11 22:00:23 +0800

Gem::LoadError (Specified 'sqlite3' for database adapter, but the gem is not loaded. Add `gem 'sqlite3'` to your Gemfile.):
  activerecord (4.0.2) lib/active_record/connection_adapters/connection_specification.rb:58:in `rescue in resolve_hash_connection'
  activerecord (4.0.2) lib/active_record/connection_adapters/connection_specification.rb:55:in `resolve_hash_connection'
  activerecord (4.0.2) lib/active_record/connection_adapters/connection_specification.rb:46:in `resolve_string_connection'
  activerecord (4.0.2) lib/active_record/connection_adapters/connection_specification.rb:30:in `spec'
  activerecord (4.0.2) lib/active_record/connection_handling.rb:39:in `establish_connection'
  activerecord (4.0.2) lib/active_record/railtie.rb:176:in `block (2 levels) in <class:Railtie>'
  activesupport (4.0.2) lib/active_support/lazy_load_hooks.rb:38:in `instance_eval'
  activesupport (4.0.2) lib/active_support/lazy_load_hooks.rb:38:in `execute_hook'
  activesupport (4.0.2) lib/active_support/lazy_load_hooks.rb:45:in `block in run_load_hooks'
  activesupport (4.0.2) lib/active_support/lazy_load_hooks.rb:44:in `each'
  activesupport (4.0.2) lib/active_support/lazy_load_hooks.rb:44:in `run_load_hooks'
  activerecord (4.0.2) lib/active_record/base.rb:322:in `<module:ActiveRecord>'
  activerecord (4.0.2) lib/active_record/base.rb:22:in `<top (required)>'
  activesupport (4.0.2) lib/active_support/dependencies.rb:229:in `require'
  activesupport (4.0.2) lib/active_support/dependencies.rb:229:in `block in require'
  activesupport (4.0.2) lib/active_support/dependencies.rb:214:in `load_dependency'
  activesupport (4.0.2) lib/active_support/dependencies.rb:229:in `require'
  activerecord (4.0.2) lib/active_record/schema_migration.rb:3:in `<top (required)>'
  activerecord (4.0.2) lib/active_record/migration.rb:783:in `schema_migrations_table_name'
  activerecord (4.0.2) lib/active_record/migration.rb:791:in `current_version'
  activerecord (4.0.2) lib/active_record/migration.rb:800:in `needs_migration?'
  activerecord (4.0.2) lib/active_record/migration.rb:379:in `check_pending!'
  activerecord (4.0.2) lib/active_record/migration.rb:366:in `call'
  actionpack (4.0.2) lib/action_dispatch/middleware/callbacks.rb:29:in `block in call'
  activesupport (4.0.2) lib/active_support/callbacks.rb:373:in `_run__1192809343817735546__call__callbacks'
  activesupport (4.0.2) lib/active_support/callbacks.rb:80:in `run_callbacks'
  actionpack (4.0.2) lib/action_dispatch/middleware/callbacks.rb:27:in `call'
  actionpack (4.0.2) lib/action_dispatch/middleware/reloader.rb:64:in `call'
  actionpack (4.0.2) lib/action_dispatch/middleware/remote_ip.rb:76:in `call'
  actionpack (4.0.2) lib/action_dispatch/middleware/debug_exceptions.rb:17:in `call'
  actionpack (4.0.2) lib/action_dispatch/middleware/show_exceptions.rb:30:in `call'
  railties (4.0.2) lib/rails/rack/logger.rb:38:in `call_app'
  railties (4.0.2) lib/rails/rack/logger.rb:20:in `block in call'
  activesupport (4.0.2) lib/active_support/tagged_logging.rb:67:in `block in tagged'
  activesupport (4.0.2) lib/active_support/tagged_logging.rb:25:in `tagged'
  activesupport (4.0.2) lib/active_support/tagged_logging.rb:67:in `tagged'
  railties (4.0.2) lib/rails/rack/logger.rb:20:in `call'
  actionpack (4.0.2) lib/action_dispatch/middleware/request_id.rb:21:in `call'
  rack (1.5.2) lib/rack/methodoverride.rb:21:in `call'
  rack (1.5.2) lib/rack/runtime.rb:17:in `call'
  activesupport (4.0.2) lib/active_support/cache/strategy/local_cache.rb:83:in `call'
  rack (1.5.2) lib/rack/lock.rb:17:in `call'
  actionpack (4.0.2) lib/action_dispatch/middleware/static.rb:64:in `call'
  rack (1.5.2) lib/rack/sendfile.rb:112:in `call'
  railties (4.0.2) lib/rails/engine.rb:511:in `call'
  railties (4.0.2) lib/rails/application.rb:97:in `call'
  rack (1.5.2) lib/rack/lock.rb:17:in `call'
  rack (1.5.2) lib/rack/content_length.rb:14:in `call'
  rack (1.5.2) lib/rack/handler/webrick.rb:60:in `service'
  /usr/lib/ruby/1.9.1/webrick/httpserver.rb:138:in `service'
  /usr/lib/ruby/1.9.1/webrick/httpserver.rb:94:in `run'
  /usr/lib/ruby/1.9.1/webrick/server.rb:191:in `block in start_thread'


  Rendered /var/lib/gems/1.9.1/gems/actionpack-4.0.2/lib/action_dispatch/middleware/templates/rescues/_source.erb (0.5ms)
  Rendered /var/lib/gems/1.9.1/gems/actionpack-4.0.2/lib/action_dispatch/middleware/templates/rescues/_trace.erb (1.0ms)
  Rendered /var/lib/gems/1.9.1/gems/actionpack-4.0.2/lib/action_dispatch/middleware/templates/rescues/_request_and_response.erb (0.9ms)
  Rendered /var/lib/gems/1.9.1/gems/actionpack-4.0.2/lib/action_dispatch/middleware/templates/rescues/diagnostics.erb within rescues/layout (11.0ms)


Started GET "/" for 127.0.0.1 at 2014-03-11 22:00:40 +0800

Gem::LoadError (Specified 'sqlite3' for database adapter, but the gem is not loaded. Add `gem 'sqlite3'` to your Gemfile.):
  activerecord (4.0.2) lib/active_record/connection_adapters/connection_specification.rb:58:in `rescue in resolve_hash_connection'
  activerecord (4.0.2) lib/active_record/connection_adapters/connection_specification.rb:55:in `resolve_hash_connection'
  activerecord (4.0.2) lib/active_record/connection_adapters/connection_specification.rb:46:in `resolve_string_connection'
  activerecord (4.0.2) lib/active_record/connection_adapters/connection_specification.rb:30:in `spec'
  activerecord (4.0.2) lib/active_record/connection_handling.rb:39:in `establish_connection'
  activerecord (4.0.2) lib/active_record/railtie.rb:176:in `block (2 levels) in <class:Railtie>'
  activesupport (4.0.2) lib/active_support/lazy_load_hooks.rb:38:in `instance_eval'
  activesupport (4.0.2) lib/active_support/lazy_load_hooks.rb:38:in `execute_hook'
  activesupport (4.0.2) lib/active_support/lazy_load_hooks.rb:45:in `block in run_load_hooks'
  activesupport (4.0.2) lib/active_support/lazy_load_hooks.rb:44:in `each'
  activesupport (4.0.2) lib/active_support/lazy_load_hooks.rb:44:in `run_load_hooks'
  activerecord (4.0.2) lib/active_record/base.rb:322:in `<module:ActiveRecord>'
  activerecord (4.0.2) lib/active_record/base.rb:22:in `<top (required)>'
  activesupport (4.0.2) lib/active_support/dependencies.rb:229:in `require'
  activesupport (4.0.2) lib/active_support/dependencies.rb:229:in `block in require'
  activesupport (4.0.2) lib/active_support/dependencies.rb:214:in `load_dependency'
  activesupport (4.0.2) lib/active_support/dependencies.rb:229:in `require'
  activerecord (4.0.2) lib/active_record/schema_migration.rb:3:in `<top (required)>'
  activerecord (4.0.2) lib/active_record/migration.rb:783:in `schema_migrations_table_name'
  activerecord (4.0.2) lib/active_record/migration.rb:791:in `current_version'
  activerecord (4.0.2) lib/active_record/migration.rb:800:in `needs_migration?'
  activerecord (4.0.2) lib/active_record/migration.rb:379:in `check_pending!'
  activerecord (4.0.2) lib/active_record/migration.rb:366:in `call'
  actionpack (4.0.2) lib/action_dispatch/middleware/callbacks.rb:29:in `block in call'
  activesupport (4.0.2) lib/active_support/callbacks.rb:373:in `_run__1192809343817735546__call__callbacks'
  activesupport (4.0.2) lib/active_support/callbacks.rb:80:in `run_callbacks'
  actionpack (4.0.2) lib/action_dispatch/middleware/callbacks.rb:27:in `call'
  actionpack (4.0.2) lib/action_dispatch/middleware/reloader.rb:64:in `call'
  actionpack (4.0.2) lib/action_dispatch/middleware/remote_ip.rb:76:in `call'
  actionpack (4.0.2) lib/action_dispatch/middleware/debug_exceptions.rb:17:in `call'
  actionpack (4.0.2) lib/action_dispatch/middleware/show_exceptions.rb:30:in `call'
  railties (4.0.2) lib/rails/rack/logger.rb:38:in `call_app'
  railties (4.0.2) lib/rails/rack/logger.rb:20:in `block in call'
  activesupport (4.0.2) lib/active_support/tagged_logging.rb:67:in `block in tagged'
  activesupport (4.0.2) lib/active_support/tagged_logging.rb:25:in `tagged'
  activesupport (4.0.2) lib/active_support/tagged_logging.rb:67:in `tagged'
  railties (4.0.2) lib/rails/rack/logger.rb:20:in `call'
  actionpack (4.0.2) lib/action_dispatch/middleware/request_id.rb:21:in `call'
  rack (1.5.2) lib/rack/methodoverride.rb:21:in `call'
  rack (1.5.2) lib/rack/runtime.rb:17:in `call'
  activesupport (4.0.2) lib/active_support/cache/strategy/local_cache.rb:83:in `call'
  rack (1.5.2) lib/rack/lock.rb:17:in `call'
  actionpack (4.0.2) lib/action_dispatch/middleware/static.rb:64:in `call'
  rack (1.5.2) lib/rack/sendfile.rb:112:in `call'
  railties (4.0.2) lib/rails/engine.rb:511:in `call'
  railties (4.0.2) lib/rails/application.rb:97:in `call'
  rack (1.5.2) lib/rack/lock.rb:17:in `call'
  rack (1.5.2) lib/rack/content_length.rb:14:in `call'
  rack (1.5.2) lib/rack/handler/webrick.rb:60:in `service'
  /usr/lib/ruby/1.9.1/webrick/httpserver.rb:138:in `service'
  /usr/lib/ruby/1.9.1/webrick/httpserver.rb:94:in `run'
  /usr/lib/ruby/1.9.1/webrick/server.rb:191:in `block in start_thread'


  Rendered /var/lib/gems/1.9.1/gems/actionpack-4.0.2/lib/action_dispatch/middleware/templates/rescues/_source.erb (0.3ms)
  Rendered /var/lib/gems/1.9.1/gems/actionpack-4.0.2/lib/action_dispatch/middleware/templates/rescues/_trace.erb (0.6ms)
  Rendered /var/lib/gems/1.9.1/gems/actionpack-4.0.2/lib/action_dispatch/middleware/templates/rescues/_request_and_response.erb (0.5ms)
  Rendered /var/lib/gems/1.9.1/gems/actionpack-4.0.2/lib/action_dispatch/middleware/templates/rescues/diagnostics.erb within rescues/layout (7.3ms)


Started GET "/" for 127.0.0.1 at 2014-03-11 22:01:14 +0800
  [1m[36mActiveRecord::SchemaMigration Load (0.1ms)[0m  [1mSELECT "schema_migrations".* FROM "schema_migrations"[0m
Processing by StaticPageController#home as HTML
DEPRECATION WARNING: Calling #find(:all) is deprecated. Please call #all directly instead. You have also used finder options. These are also deprecated. Please build a scope instead of using finder options. (called from home at /home/tobe/code/itidol/app/controllers/static_page_controller.rb:5)
DEPRECATION WARNING: Relation#all is deprecated. If you want to eager-load a relation, you can call #load (e.g. `Post.where(published: true).load`). If you want to get an array of records from a relation, you can call #to_a (e.g. `Post.where(published: true).to_a`). (called from home at /home/tobe/code/itidol/app/controllers/static_page_controller.rb:5)
  [1m[35mIdol Load (0.2ms)[0m  SELECT "idols".* FROM "idols" ORDER BY count DESC
  Rendered static_page/home.html.erb within layouts/application (1.2ms)
Completed 200 OK in 864ms (Views: 849.2ms | ActiveRecord: 0.2ms)


Started GET "/assets/application.css?body=1" for 127.0.0.1 at 2014-03-11 22:01:15 +0800


Started GET "/assets/bootstrap_and_overrides.css?body=1" for 127.0.0.1 at 2014-03-11 22:01:15 +0800


Started GET "/assets/comments.css?body=1" for 127.0.0.1 at 2014-03-11 22:01:15 +0800


Started GET "/assets/idols.css?body=1" for 127.0.0.1 at 2014-03-11 22:01:15 +0800


Started GET "/assets/scaffolds.css?body=1" for 127.0.0.1 at 2014-03-11 22:01:15 +0800


Started GET "/assets/jquery.js?body=1" for 127.0.0.1 at 2014-03-11 22:01:15 +0800


Started GET "/assets/twitter/bootstrap/bootstrap-transition.js?body=1" for 127.0.0.1 at 2014-03-11 22:01:15 +0800


Started GET "/assets/jquery_ujs.js?body=1" for 127.0.0.1 at 2014-03-11 22:01:15 +0800


Started GET "/assets/static_page.css?body=1" for 127.0.0.1 at 2014-03-11 22:01:15 +0800


Started GET "/assets/twitter/bootstrap/bootstrap-modal.js?body=1" for 127.0.0.1 at 2014-03-11 22:01:15 +0800


Started GET "/assets/twitter/bootstrap/bootstrap-alert.js?body=1" for 127.0.0.1 at 2014-03-11 22:01:15 +0800


Started GET "/assets/twitter/bootstrap/bootstrap-dropdown.js?body=1" for 127.0.0.1 at 2014-03-11 22:01:15 +0800


Started GET "/assets/twitter/bootstrap/bootstrap-scrollspy.js?body=1" for 127.0.0.1 at 2014-03-11 22:01:15 +0800


Started GET "/assets/twitter/bootstrap/bootstrap-tab.js?body=1" for 127.0.0.1 at 2014-03-11 22:01:15 +0800


Started GET "/assets/twitter/bootstrap/bootstrap-tooltip.js?body=1" for 127.0.0.1 at 2014-03-11 22:01:15 +0800


Started GET "/assets/twitter/bootstrap/bootstrap-popover.js?body=1" for 127.0.0.1 at 2014-03-11 22:01:15 +0800


Started GET "/assets/twitter/bootstrap/bootstrap-button.js?body=1" for 127.0.0.1 at 2014-03-11 22:01:15 +0800


Started GET "/assets/twitter/bootstrap/bootstrap-collapse.js?body=1" for 127.0.0.1 at 2014-03-11 22:01:15 +0800


Started GET "/assets/twitter/bootstrap/bootstrap-carousel.js?body=1" for 127.0.0.1 at 2014-03-11 22:01:15 +0800


Started GET "/assets/twitter/bootstrap/bootstrap-typeahead.js?body=1" for 127.0.0.1 at 2014-03-11 22:01:15 +0800


Started GET "/assets/twitter/bootstrap/bootstrap-affix.js?body=1" for 127.0.0.1 at 2014-03-11 22:01:15 +0800


Started GET "/assets/twitter/bootstrap.js?body=1" for 127.0.0.1 at 2014-03-11 22:01:15 +0800


Started GET "/assets/turbolinks.js?body=1" for 127.0.0.1 at 2014-03-11 22:01:15 +0800


Started GET "/assets/bootstrap.js?body=1" for 127.0.0.1 at 2014-03-11 22:01:15 +0800


Started GET "/assets/idols.js?body=1" for 127.0.0.1 at 2014-03-11 22:01:15 +0800


Started GET "/assets/comments.js?body=1" for 127.0.0.1 at 2014-03-11 22:01:15 +0800


Started GET "/assets/static_page.js?body=1" for 127.0.0.1 at 2014-03-11 22:01:15 +0800


Started GET "/assets/application.js?body=1" for 127.0.0.1 at 2014-03-11 22:01:15 +0800


Started GET "/idols/" for 127.0.0.1 at 2014-03-11 22:01:23 +0800
Processing by IdolsController#index as HTML
  [1m[36mIdol Load (0.1ms)[0m  [1mSELECT "idols".* FROM "idols"[0m
  Rendered idols/index.html.erb within layouts/application (1.0ms)
Completed 200 OK in 5ms (Views: 4.7ms | ActiveRecord: 0.1ms)


Started GET "/idols/new" for 127.0.0.1 at 2014-03-11 22:01:24 +0800
Processing by IdolsController#new as HTML
  Rendered idols/_form.html.erb (29.9ms)
  Rendered idols/new.html.erb within layouts/application (32.6ms)
Completed 200 OK in 37ms (Views: 36.1ms | ActiveRecord: 0.2ms)


Started POST "/idols" for 127.0.0.1 at 2014-03-11 22:01:53 +0800
Processing by IdolsController#create as HTML
  Parameters: {"utf8"=>"✓", "authenticity_token"=>"6toIF2egb8/HIWaJBblsphmwLLzMr2OegSVolFvBD9U=", "idol"=>{"name"=>"Toby Chan", "contact"=>"chendihao.cn", "about"=>"About me.", "motto"=>"Chen di hahahaha"}, "commit"=>"Create Idol"}
  [1m[35m (0.1ms)[0m  begin transaction
  [1m[36mSQL (24.0ms)[0m  [1mINSERT INTO "idols" ("about", "contact", "count", "created_at", "motto", "name", "updated_at") VALUES (?, ?, ?, ?, ?, ?, ?)[0m  [["about", "About me."], ["contact", "chendihao.cn"], ["count", 0], ["created_at", Tue, 11 Mar 2014 14:01:53 UTC +00:00], ["motto", "Chen di hahahaha"], ["name", "Toby Chan"], ["updated_at", Tue, 11 Mar 2014 14:01:53 UTC +00:00]]
  [1m[35m (134.2ms)[0m  commit transaction
Redirected to http://localhost:4343/idols/1
Completed 302 Found in 163ms (ActiveRecord: 158.3ms)


Started GET "/idols/1" for 127.0.0.1 at 2014-03-11 22:01:54 +0800
Processing by IdolsController#show as HTML
  Parameters: {"id"=>"1"}
  [1m[36mIdol Load (0.3ms)[0m  [1mSELECT "idols".* FROM "idols" WHERE "idols"."id" = ? LIMIT 1[0m  [["id", "1"]]
  Rendered idols/show.html.erb within layouts/application (1.5ms)
Completed 200 OK in 9ms (Views: 6.1ms | ActiveRecord: 0.3ms)


Started GET "/assets/application.css?body=1" for 127.0.0.1 at 2014-03-11 22:01:54 +0800


Started GET "/assets/comments.css?body=1" for 127.0.0.1 at 2014-03-11 22:01:54 +0800


Started GET "/assets/scaffolds.css?body=1" for 127.0.0.1 at 2014-03-11 22:01:54 +0800


Started GET "/assets/bootstrap_and_overrides.css?body=1" for 127.0.0.1 at 2014-03-11 22:01:54 +0800


Started GET "/assets/idols.css?body=1" for 127.0.0.1 at 2014-03-11 22:01:54 +0800


Started GET "/assets/jquery.js?body=1" for 127.0.0.1 at 2014-03-11 22:01:54 +0800


Started GET "/assets/static_page.css?body=1" for 127.0.0.1 at 2014-03-11 22:01:54 +0800


Started GET "/assets/jquery_ujs.js?body=1" for 127.0.0.1 at 2014-03-11 22:01:54 +0800


Started GET "/assets/twitter/bootstrap/bootstrap-transition.js?body=1" for 127.0.0.1 at 2014-03-11 22:01:54 +0800


Started GET "/assets/twitter/bootstrap/bootstrap-alert.js?body=1" for 127.0.0.1 at 2014-03-11 22:01:54 +0800


Started GET "/assets/twitter/bootstrap/bootstrap-modal.js?body=1" for 127.0.0.1 at 2014-03-11 22:01:54 +0800


Started GET "/assets/twitter/bootstrap/bootstrap-dropdown.js?body=1" for 127.0.0.1 at 2014-03-11 22:01:54 +0800


Started GET "/assets/twitter/bootstrap/bootstrap-scrollspy.js?body=1" for 127.0.0.1 at 2014-03-11 22:01:54 +0800


Started GET "/assets/twitter/bootstrap/bootstrap-tab.js?body=1" for 127.0.0.1 at 2014-03-11 22:01:54 +0800


Started GET "/assets/twitter/bootstrap/bootstrap-tooltip.js?body=1" for 127.0.0.1 at 2014-03-11 22:01:54 +0800


Started GET "/assets/twitter/bootstrap/bootstrap-popover.js?body=1" for 127.0.0.1 at 2014-03-11 22:01:54 +0800


Started GET "/assets/twitter/bootstrap/bootstrap-button.js?body=1" for 127.0.0.1 at 2014-03-11 22:01:54 +0800


Started GET "/assets/twitter/bootstrap/bootstrap-collapse.js?body=1" for 127.0.0.1 at 2014-03-11 22:01:54 +0800


Started GET "/assets/twitter/bootstrap/bootstrap-carousel.js?body=1" for 127.0.0.1 at 2014-03-11 22:01:54 +0800


Started GET "/assets/twitter/bootstrap/bootstrap-typeahead.js?body=1" for 127.0.0.1 at 2014-03-11 22:01:54 +0800


Started GET "/assets/twitter/bootstrap/bootstrap-affix.js?body=1" for 127.0.0.1 at 2014-03-11 22:01:54 +0800


Started GET "/assets/twitter/bootstrap.js?body=1" for 127.0.0.1 at 2014-03-11 22:01:54 +0800


Started GET "/assets/turbolinks.js?body=1" for 127.0.0.1 at 2014-03-11 22:01:54 +0800


Started GET "/assets/bootstrap.js?body=1" for 127.0.0.1 at 2014-03-11 22:01:54 +0800


Started GET "/assets/comments.js?body=1" for 127.0.0.1 at 2014-03-11 22:01:54 +0800


Started GET "/assets/idols.js?body=1" for 127.0.0.1 at 2014-03-11 22:01:54 +0800


Started GET "/assets/static_page.js?body=1" for 127.0.0.1 at 2014-03-11 22:01:54 +0800


Started GET "/assets/application.js?body=1" for 127.0.0.1 at 2014-03-11 22:01:54 +0800


Started GET "/idols" for 127.0.0.1 at 2014-03-11 22:01:55 +0800
Processing by IdolsController#index as HTML
  [1m[35mIdol Load (0.3ms)[0m  SELECT "idols".* FROM "idols"
  Rendered idols/index.html.erb within layouts/application (2.0ms)
Completed 200 OK in 9ms (Views: 8.2ms | ActiveRecord: 0.3ms)


Started GET "/comments/" for 127.0.0.1 at 2014-03-11 22:01:56 +0800
Processing by CommentsController#index as HTML
  [1m[36mComment Load (0.1ms)[0m  [1mSELECT "comments".* FROM "comments"[0m
  Rendered comments/index.html.erb within layouts/application (1.1ms)
Completed 200 OK in 11ms (Views: 5.3ms | ActiveRecord: 0.1ms)


Started GET "/comments/new" for 127.0.0.1 at 2014-03-11 22:01:57 +0800
Processing by CommentsController#new as HTML
  Rendered comments/_form.html.erb (4.6ms)
  Rendered comments/new.html.erb within layouts/application (5.3ms)
Completed 200 OK in 10ms (Views: 8.8ms | ActiveRecord: 0.3ms)


Started GET "/comments" for 127.0.0.1 at 2014-03-11 22:01:59 +0800
Processing by CommentsController#index as HTML
  [1m[35mComment Load (0.3ms)[0m  SELECT "comments".* FROM "comments"
  Rendered comments/index.html.erb within layouts/application (1.4ms)
Completed 200 OK in 10ms (Views: 8.5ms | ActiveRecord: 0.3ms)


Started GET "/idols/" for 127.0.0.1 at 2014-03-11 22:02:01 +0800
Processing by IdolsController#index as HTML
  [1m[36mIdol Load (0.2ms)[0m  [1mSELECT "idols".* FROM "idols"[0m
  Rendered idols/index.html.erb within layouts/application (1.9ms)
Completed 200 OK in 7ms (Views: 6.2ms | ActiveRecord: 0.2ms)


Started GET "/comments/" for 127.0.0.1 at 2014-03-11 22:02:01 +0800
Processing by CommentsController#index as HTML
  [1m[35mComment Load (0.2ms)[0m  SELECT "comments".* FROM "comments"
  Rendered comments/index.html.erb within layouts/application (0.9ms)
Completed 200 OK in 9ms (Views: 8.2ms | ActiveRecord: 0.2ms)


Started GET "/comments/new" for 127.0.0.1 at 2014-03-11 22:02:02 +0800
Processing by CommentsController#new as HTML
  Rendered comments/_form.html.erb (1.5ms)
  Rendered comments/new.html.erb within layouts/application (2.3ms)
Completed 200 OK in 7ms (Views: 6.7ms | ActiveRecord: 0.0ms)


Started POST "/comments" for 127.0.0.1 at 2014-03-11 22:02:10 +0800
Processing by CommentsController#create as HTML
  Parameters: {"utf8"=>"✓", "authenticity_token"=>"6toIF2egb8/HIWaJBblsphmwLLzMr2OegSVolFvBD9U=", "comment"=>{"idol_id"=>"1", "content"=>"Crate itidol.com"}, "commit"=>"Create Comment"}
  [1m[36m (0.1ms)[0m  [1mbegin transaction[0m
  [1m[35mSQL (0.5ms)[0m  INSERT INTO "comments" ("content", "created_at", "idol_id", "updated_at") VALUES (?, ?, ?, ?)  [["content", "Crate itidol.com"], ["created_at", Tue, 11 Mar 2014 14:02:10 UTC +00:00], ["idol_id", 1], ["updated_at", Tue, 11 Mar 2014 14:02:10 UTC +00:00]]
  [1m[36m (170.0ms)[0m  [1mcommit transaction[0m
Redirected to http://localhost:4343/comments/1
  [1m[35mIdol Load (0.3ms)[0m  SELECT "idols".* FROM "idols" WHERE "idols"."id" = 1 LIMIT 1
  [1m[36m (0.1ms)[0m  [1mbegin transaction[0m
  [1m[35mSQL (0.4ms)[0m  UPDATE "idols" SET "count" = ?, "updated_at" = ? WHERE "idols"."id" = 1  [["count", 1], ["updated_at", Tue, 11 Mar 2014 14:02:11 UTC +00:00]]
  [1m[36m (109.0ms)[0m  [1mcommit transaction[0m
Completed 302 Found in 292ms (ActiveRecord: 280.5ms)


Started GET "/comments/1" for 127.0.0.1 at 2014-03-11 22:02:11 +0800
Processing by CommentsController#show as HTML
  Parameters: {"id"=>"1"}
  [1m[35mComment Load (0.3ms)[0m  SELECT "comments".* FROM "comments" WHERE "comments"."id" = ? LIMIT 1  [["id", "1"]]
  Rendered comments/show.html.erb within layouts/application (1.2ms)
Completed 200 OK in 12ms (Views: 9.1ms | ActiveRecord: 0.3ms)


Started GET "/assets/application.css?body=1" for 127.0.0.1 at 2014-03-11 22:02:11 +0800


Started GET "/assets/bootstrap_and_overrides.css?body=1" for 127.0.0.1 at 2014-03-11 22:02:11 +0800


Started GET "/assets/comments.css?body=1" for 127.0.0.1 at 2014-03-11 22:02:11 +0800


Started GET "/assets/scaffolds.css?body=1" for 127.0.0.1 at 2014-03-11 22:02:11 +0800


Started GET "/assets/idols.css?body=1" for 127.0.0.1 at 2014-03-11 22:02:11 +0800


Started GET "/assets/jquery.js?body=1" for 127.0.0.1 at 2014-03-11 22:02:11 +0800


Started GET "/assets/static_page.css?body=1" for 127.0.0.1 at 2014-03-11 22:02:11 +0800


Started GET "/assets/jquery_ujs.js?body=1" for 127.0.0.1 at 2014-03-11 22:02:11 +0800


Started GET "/assets/twitter/bootstrap/bootstrap-transition.js?body=1" for 127.0.0.1 at 2014-03-11 22:02:11 +0800


Started GET "/assets/twitter/bootstrap/bootstrap-alert.js?body=1" for 127.0.0.1 at 2014-03-11 22:02:11 +0800


Started GET "/assets/twitter/bootstrap/bootstrap-modal.js?body=1" for 127.0.0.1 at 2014-03-11 22:02:11 +0800


Started GET "/assets/twitter/bootstrap/bootstrap-dropdown.js?body=1" for 127.0.0.1 at 2014-03-11 22:02:11 +0800


Started GET "/assets/twitter/bootstrap/bootstrap-scrollspy.js?body=1" for 127.0.0.1 at 2014-03-11 22:02:11 +0800


Started GET "/assets/twitter/bootstrap/bootstrap-tab.js?body=1" for 127.0.0.1 at 2014-03-11 22:02:11 +0800


Started GET "/assets/twitter/bootstrap/bootstrap-tooltip.js?body=1" for 127.0.0.1 at 2014-03-11 22:02:11 +0800


Started GET "/assets/twitter/bootstrap/bootstrap-popover.js?body=1" for 127.0.0.1 at 2014-03-11 22:02:11 +0800


Started GET "/assets/twitter/bootstrap/bootstrap-button.js?body=1" for 127.0.0.1 at 2014-03-11 22:02:11 +0800


Started GET "/assets/twitter/bootstrap/bootstrap-collapse.js?body=1" for 127.0.0.1 at 2014-03-11 22:02:11 +0800


Started GET "/assets/twitter/bootstrap/bootstrap-carousel.js?body=1" for 127.0.0.1 at 2014-03-11 22:02:11 +0800


Started GET "/assets/twitter/bootstrap/bootstrap-typeahead.js?body=1" for 127.0.0.1 at 2014-03-11 22:02:11 +0800


Started GET "/assets/twitter/bootstrap/bootstrap-affix.js?body=1" for 127.0.0.1 at 2014-03-11 22:02:11 +0800


Started GET "/assets/twitter/bootstrap.js?body=1" for 127.0.0.1 at 2014-03-11 22:02:11 +0800


Started GET "/assets/turbolinks.js?body=1" for 127.0.0.1 at 2014-03-11 22:02:11 +0800


Started GET "/assets/bootstrap.js?body=1" for 127.0.0.1 at 2014-03-11 22:02:11 +0800


Started GET "/assets/comments.js?body=1" for 127.0.0.1 at 2014-03-11 22:02:11 +0800


Started GET "/assets/idols.js?body=1" for 127.0.0.1 at 2014-03-11 22:02:11 +0800


Started GET "/assets/static_page.js?body=1" for 127.0.0.1 at 2014-03-11 22:02:11 +0800


Started GET "/assets/application.js?body=1" for 127.0.0.1 at 2014-03-11 22:02:11 +0800


Started GET "/comments" for 127.0.0.1 at 2014-03-11 22:02:12 +0800
Processing by CommentsController#index as HTML
  [1m[36mComment Load (0.1ms)[0m  [1mSELECT "comments".* FROM "comments"[0m
  Rendered comments/index.html.erb within layouts/application (1.0ms)
Completed 200 OK in 5ms (Views: 4.4ms | ActiveRecord: 0.1ms)


Started GET "/" for 127.0.0.1 at 2014-03-11 22:02:12 +0800
Processing by StaticPageController#home as HTML
DEPRECATION WARNING: Calling #find(:all) is deprecated. Please call #all directly instead. You have also used finder options. These are also deprecated. Please build a scope instead of using finder options. (called from home at /home/tobe/code/itidol/app/controllers/static_page_controller.rb:5)
DEPRECATION WARNING: Relation#all is deprecated. If you want to eager-load a relation, you can call #load (e.g. `Post.where(published: true).load`). If you want to get an array of records from a relation, you can call #to_a (e.g. `Post.where(published: true).to_a`). (called from home at /home/tobe/code/itidol/app/controllers/static_page_controller.rb:5)
  [1m[35mIdol Load (0.3ms)[0m  SELECT "idols".* FROM "idols" ORDER BY count DESC
  [1m[36mComment Load (0.2ms)[0m  [1mSELECT "comments".* FROM "comments" WHERE "comments"."idol_id" = ?[0m  [["idol_id", 1]]
  Rendered static_page/home.html.erb within layouts/application (50.8ms)
Completed 200 OK in 58ms (Views: 55.9ms | ActiveRecord: 0.4ms)


Started GET "/comments/" for 127.0.0.1 at 2014-03-11 22:02:29 +0800
Processing by CommentsController#index as HTML
  [1m[35mComment Load (0.1ms)[0m  SELECT "comments".* FROM "comments"
  Rendered comments/index.html.erb within layouts/application (1.0ms)
Completed 200 OK in 5ms (Views: 4.2ms | ActiveRecord: 0.1ms)


Started GET "/" for 127.0.0.1 at 2014-03-11 22:02:29 +0800
Processing by StaticPageController#home as HTML
DEPRECATION WARNING: Calling #find(:all) is deprecated. Please call #all directly instead. You have also used finder options. These are also deprecated. Please build a scope instead of using finder options. (called from home at /home/tobe/code/itidol/app/controllers/static_page_controller.rb:5)
DEPRECATION WARNING: Relation#all is deprecated. If you want to eager-load a relation, you can call #load (e.g. `Post.where(published: true).load`). If you want to get an array of records from a relation, you can call #to_a (e.g. `Post.where(published: true).to_a`). (called from home at /home/tobe/code/itidol/app/controllers/static_page_controller.rb:5)
  [1m[36mIdol Load (0.3ms)[0m  [1mSELECT "idols".* FROM "idols" ORDER BY count DESC[0m
  [1m[35mComment Load (0.1ms)[0m  SELECT "comments".* FROM "comments" WHERE "comments"."idol_id" = ?  [["idol_id", 1]]
  Rendered static_page/home.html.erb within layouts/application (1.3ms)
Completed 200 OK in 11ms (Views: 8.6ms | ActiveRecord: 0.4ms)


Started GET "/idols/" for 127.0.0.1 at 2014-03-11 22:02:30 +0800
Processing by IdolsController#index as HTML
  [1m[36mIdol Load (0.2ms)[0m  [1mSELECT "idols".* FROM "idols"[0m
  Rendered idols/index.html.erb within layouts/application (1.6ms)
Completed 200 OK in 8ms (Views: 6.8ms | ActiveRecord: 0.2ms)


Started GET "/" for 127.0.0.1 at 2014-03-11 22:02:31 +0800
Processing by StaticPageController#home as HTML
DEPRECATION WARNING: Calling #find(:all) is deprecated. Please call #all directly instead. You have also used finder options. These are also deprecated. Please build a scope instead of using finder options. (called from home at /home/tobe/code/itidol/app/controllers/static_page_controller.rb:5)
DEPRECATION WARNING: Relation#all is deprecated. If you want to eager-load a relation, you can call #load (e.g. `Post.where(published: true).load`). If you want to get an array of records from a relation, you can call #to_a (e.g. `Post.where(published: true).to_a`). (called from home at /home/tobe/code/itidol/app/controllers/static_page_controller.rb:5)
  [1m[35mIdol Load (0.2ms)[0m  SELECT "idols".* FROM "idols" ORDER BY count DESC
  [1m[36mComment Load (0.1ms)[0m  [1mSELECT "comments".* FROM "comments" WHERE "comments"."idol_id" = ?[0m  [["idol_id", 1]]
  Rendered static_page/home.html.erb within layouts/application (0.6ms)
Completed 200 OK in 6ms (Views: 4.3ms | ActiveRecord: 0.3ms)
